[debug] [2023-09-06T12:43:52.200Z] ----------------------------------------------------------------------
[debug] [2023-09-06T12:43:52.259Z] Command:       C:\Program Files\nodejs\node.exe C:\Users\HaCkErHaMzA\AppData\Roaming\npm\node_modules\firebase-tools\lib\bin\firebase.js init
[debug] [2023-09-06T12:43:52.260Z] CLI Version:   12.5.0
[debug] [2023-09-06T12:43:52.262Z] Platform:      win32
[debug] [2023-09-06T12:43:52.263Z] Node Version:  v18.16.0
[debug] [2023-09-06T12:43:52.694Z] Time:          Wed Sep 06 2023 17:43:52 GMT+0500 (Pakistan Standard Time)
[debug] [2023-09-06T12:43:52.695Z] ----------------------------------------------------------------------
[debug] 
[debug] [2023-09-06T12:43:52.752Z] >>> [apiv2][query] GET https://firebase-public.firebaseio.com/cli.json [none]
[debug] [2023-09-06T12:43:53.908Z] > command requires scopes: ["email","openid","https://www.googleapis.com/auth/cloudplatformprojects.readonly","https://www.googleapis.com/auth/firebase","https://www.googleapis.com/auth/cloud-platform"]
[debug] [2023-09-06T12:43:53.909Z] > authorizing via signed-in user (hamzajohn0786@gmail.com)
[info] 
     ######## #### ########  ######## ########     ###     ######  ########
     ##        ##  ##     ## ##       ##     ##  ##   ##  ##       ##
     ######    ##  ########  ######   ########  #########  ######  ######
     ##        ##  ##    ##  ##       ##     ## ##     ##       ## ##
     ##       #### ##     ## ######## ########  ##     ##  ######  ########

You're about to initialize a Firebase project in this directory:

  C:\Users\HaCkErHaMzA\Documents\New folder\React-Weather-App

[debug] [2023-09-06T12:44:02.150Z] <<< [apiv2][status] GET https://firebase-public.firebaseio.com/cli.json 200
[debug] [2023-09-06T12:44:02.151Z] <<< [apiv2][body] GET https://firebase-public.firebaseio.com/cli.json {"cloudBuildErrorAfter":1594252800000,"cloudBuildWarnAfter":1590019200000,"defaultNode10After":1594252800000,"minVersion":"3.0.5","node8DeploysDisabledAfter":1613390400000,"node8RuntimeDisabledAfter":1615809600000,"node8WarnAfter":1600128000000}
[info] 
=== Project Setup
[info] 
[info] First, let's associate this project directory with a Firebase project.
[info] You can create multiple project aliases by running firebase use --add, 
[info] but for now we'll just set up a default project.
[info] 
[debug] [2023-09-06T12:44:16.873Z] > refreshing access token with scopes: []
[debug] [2023-09-06T12:44:16.877Z] >>> [apiv2][query] POST https://www.googleapis.com/oauth2/v3/token [none]
[debug] [2023-09-06T12:44:16.878Z] >>> [apiv2][body] POST https://www.googleapis.com/oauth2/v3/token [omitted]
[debug] [2023-09-06T12:44:21.934Z] <<< [apiv2][status] POST https://www.googleapis.com/oauth2/v3/token 200
[debug] [2023-09-06T12:44:21.934Z] <<< [apiv2][body] POST https://www.googleapis.com/oauth2/v3/token [omitted]
[debug] [2023-09-06T12:44:22.057Z] >>> [apiv2][query] GET https://firebase.googleapis.com/v1beta1/projects pageSize=100
[debug] [2023-09-06T12:44:34.122Z] *** [apiv2] error from fetch(https://firebase.googleapis.com/v1beta1/projects?pageSize=100, {"headers":{},"method":"GET","signal":{}}): FetchError: request to https://firebase.googleapis.com/v1beta1/projects?pageSize=100 failed, reason: getaddrinfo ENOTFOUND firebase.googleapis.com
[debug] [2023-09-06T12:44:34.133Z] Failed to make request to https://firebase.googleapis.com/v1beta1/projects?pageSize=100
[debug] [2023-09-06T12:44:39.165Z] Error: Timed out.
    at Timeout._onTimeout (C:\Users\HaCkErHaMzA\AppData\Roaming\npm\node_modules\firebase-tools\lib\utils.js:254:49)
    at listOnTimeout (node:internal/timers:569:17)
    at process.processTimers (node:internal/timers:512:7)
[error] 
[error] Error: An unexpected error has occurred.
[debug] [2023-09-06T12:45:20.536Z] ----------------------------------------------------------------------
[debug] [2023-09-06T12:45:20.548Z] Command:       C:\Program Files\nodejs\node.exe C:\Users\HaCkErHaMzA\AppData\Roaming\npm\node_modules\firebase-tools\lib\bin\firebase.js init
[debug] [2023-09-06T12:45:20.550Z] CLI Version:   12.5.0
[debug] [2023-09-06T12:45:20.552Z] Platform:      win32
[debug] [2023-09-06T12:45:20.553Z] Node Version:  v18.16.0
[debug] [2023-09-06T12:45:20.557Z] Time:          Wed Sep 06 2023 17:45:20 GMT+0500 (Pakistan Standard Time)
[debug] [2023-09-06T12:45:20.558Z] ----------------------------------------------------------------------
[debug] 
[debug] [2023-09-06T12:45:20.595Z] > command requires scopes: ["email","openid","https://www.googleapis.com/auth/cloudplatformprojects.readonly","https://www.googleapis.com/auth/firebase","https://www.googleapis.com/auth/cloud-platform"]
[debug] [2023-09-06T12:45:20.597Z] > authorizing via signed-in user (hamzajohn0786@gmail.com)
[info] 
     ######## #### ########  ######## ########     ###     ######  ########
     ##        ##  ##     ## ##       ##     ##  ##   ##  ##       ##
     ######    ##  ########  ######   ########  #########  ######  ######
     ##        ##  ##    ##  ##       ##     ## ##     ##       ## ##
     ##       #### ##     ## ######## ########  ##     ##  ######  ########

You're about to initialize a Firebase project in this directory:

  C:\Users\HaCkErHaMzA\Documents\New folder\React-Weather-App

[info] 
=== Project Setup
[info] 
[info] First, let's associate this project directory with a Firebase project.
[info] You can create multiple project aliases by running firebase use --add, 
[info] but for now we'll just set up a default project.
[info] 
[debug] [2023-09-06T12:45:55.748Z] >>> [apiv2][query] GET https://firebase.googleapis.com/v1beta1/projects pageSize=100
[debug] [2023-09-06T12:46:12.224Z] <<< [apiv2][status] GET https://firebase.googleapis.com/v1beta1/projects 200
[debug] [2023-09-06T12:46:12.225Z] <<< [apiv2][body] GET https://firebase.googleapis.com/v1beta1/projects [omitted]
[info] i  Using project react-weather-app00 (React Weather App00) 
[info] 
=== Hosting Setup
[info] 
[info] Your public directory is the folder (relative to your project directory) that
[info] will contain Hosting assets to be uploaded with firebase deploy. If you
[info] have a build process for your assets, use your build's output directory.
[info] 
